\BOOKMARK [1][-]{section.1}{Introducci\363n}{}% 1
\BOOKMARK [2][-]{subsection.1.1}{Aspectos del lenguaje}{section.1}% 2
\BOOKMARK [3][-]{subsubsection.1.1.1}{Sem\341ntica}{subsection.1.1}% 3
\BOOKMARK [2][-]{subsection.1.2}{Paradigmas}{section.1}% 4
\BOOKMARK [3][-]{subsubsection.1.2.1}{Paradigma Imperativo}{subsection.1.2}% 5
\BOOKMARK [3][-]{subsubsection.1.2.2}{Paradigma Funcional}{subsection.1.2}% 6
\BOOKMARK [3][-]{subsubsection.1.2.3}{Paradigma L\363gico}{subsection.1.2}% 7
\BOOKMARK [3][-]{subsubsection.1.2.4}{Paradigma Orientado a Objetos}{subsection.1.2}% 8
\BOOKMARK [1][-]{section.2}{Paradigma Funcional}{}% 9
\BOOKMARK [2][-]{subsection.2.1}{Tipos}{section.2}% 10
\BOOKMARK [3][-]{subsubsection.2.1.1}{Notaci\363n}{subsection.2.1}% 11
\BOOKMARK [3][-]{subsubsection.2.1.2}{Propiedades deseables de un lenguaje funcional}{subsection.2.1}% 12
\BOOKMARK [2][-]{subsection.2.2}{Tipo Funci\363n}{section.2}% 13
\BOOKMARK [3][-]{subsubsection.2.2.1}{Evaluaci\363n}{subsection.2.2}% 14
\BOOKMARK [2][-]{subsection.2.3}{Inducci\363n/Recursion}{section.2}% 15
\BOOKMARK [3][-]{subsubsection.2.3.1}{Inducci\363n estructural}{subsection.2.3}% 16
\BOOKMARK [3][-]{subsubsection.2.3.2}{Funciones recursivas}{subsection.2.3}% 17
\BOOKMARK [3][-]{subsubsection.2.3.3}{Principio de inducci\363n}{subsection.2.3}% 18
\BOOKMARK [2][-]{subsection.2.4}{Parametrizaci\363n}{section.2}% 19
\BOOKMARK [2][-]{subsection.2.5}{Tipos algebraicos}{section.2}% 20
\BOOKMARK [3][-]{subsubsection.2.5.1}{Definici\363n de tipos}{subsection.2.5}% 21
\BOOKMARK [3][-]{subsubsection.2.5.2}{Tipos algebraicos en Haskell}{subsection.2.5}% 22
\BOOKMARK [3][-]{subsubsection.2.5.3}{Pattern Matching}{subsection.2.5}% 23
\BOOKMARK [3][-]{subsubsection.2.5.4}{Tipos especiales}{subsection.2.5}% 24
\BOOKMARK [3][-]{subsubsection.2.5.5}{Expresividad}{subsection.2.5}% 25
\BOOKMARK [3][-]{subsubsection.2.5.6}{Clases de tipos algebraicos}{subsection.2.5}% 26
\BOOKMARK [2][-]{subsection.2.6}{Tipos algebraicos recursivos}{section.2}% 27
\BOOKMARK [2][-]{subsection.2.7}{Esquemas de recursi\363n}{section.2}% 28
\BOOKMARK [3][-]{subsubsection.2.7.1}{La funci\363n fold y como definirla}{subsection.2.7}% 29
\BOOKMARK [1][-]{appendix.Alph1}{Programaci\363n funcional en Haskell}{}% 30
\BOOKMARK [2][-]{subsection.Alph1.1}{Otros tipos \372tiles}{appendix.Alph1}% 31
